[    0.000000] Linux version 4.15.0-212-generic (buildd@lcy02-amd64-083) (gcc version 7.5.0 (Ubuntu 7.5.0-3ubuntu1~18.04)) #223-Ubuntu SMP Tue May 23 13:09:22 UTC 2023 (Ubuntu 4.15.0-212.223-generic 4.15.18)
[    0.000000] Command line: BOOT_IMAGE=/boot/vmlinuz-4.15.0-212-generic root=LABEL=cloudimg-rootfs ro console=tty1 console=ttyS0
[    0.000000] KERNEL supported cpus:
[    0.000000]   Intel GenuineIntel
[    0.000000]   AMD AuthenticAMD
[    0.000000]   Centaur CentaurHauls
[    0.000000] x86/fpu: x87 FPU will use FXSAVE
[    0.000000] e820: BIOS-provided physical RAM map:
[    0.000000] BIOS-e820: [mem 0x0000000000000000-0x000000000009fbff] usable
[    0.000000] BIOS-e820: [mem 0x000000000009fc00-0x000000000009ffff] reserved
[    0.000000] BIOS-e820: [mem 0x00000000000f0000-0x00000000000fffff] reserved
[    0.000000] BIOS-e820: [mem 0x0000000000100000-0x000000000ffeffff] usable
[    0.000000] BIOS-e820: [mem 0x000000000fff0000-0x000000000fffffff] ACPI data
[    0.000000] BIOS-e820: [mem 0x00000000fec00000-0x00000000fec00fff] reserved
[    0.000000] BIOS-e820: [mem 0x00000000fee00000-0x00000000fee00fff] reserved
[    0.000000] BIOS-e820: [mem 0x00000000fffc0000-0x00000000ffffffff] reserved
[    0.000000] NX (Execute Disable) protection: active
[    0.000000] SMBIOS 2.5 present.
[    0.000000] DMI: innotek GmbH VirtualBox/VirtualBox, BIOS VirtualBox 12/01/2006
[    0.000000] Hypervisor detected: KVM
[    0.000000] e820: last_pfn = 0xfff0 max_arch_pfn = 0x400000000
[    0.000000] MTRR: Disabled
[    0.000000] x86/PAT: MTRRs disabled, skipping PAT initialization too.
[    0.000000] CPU MTRRs all blank - virtualized system.
[    0.000000] x86/PAT: Configuration [0-7]: WB  WT  UC- UC  WB  WT  UC- UC  
[    0.000000] found SMP MP-table at [mem 0x0009fff0-0x0009ffff]
[    0.000000] Scanning 1 areas for low memory corruption
[    0.000000] RAMDISK: [mem 0x0db01000-0x0ee12fff]
[    0.000000] ACPI: Early table checksum verification disabled
[    0.000000] ACPI: RSDP 0x00000000000E0000 000024 (v02 VBOX  )
[    0.000000] ACPI: XSDT 0x000000000FFF0030 00003C (v01 VBOX   VBOXXSDT 00000001 ASL  00000061)
[    0.000000] ACPI: FACP 0x000000000FFF00F0 0000F4 (v04 VBOX   VBOXFACP 00000001 ASL  00000061)
[    0.000000] ACPI: DSDT 0x000000000FFF0610 002353 (v02 VBOX   VBOXBIOS 00000002 INTL 20100528)
[    0.000000] ACPI: FACS 0x000000000FFF0200 000040
[    0.000000] ACPI: FACS 0x000000000FFF0200 000040
[    0.000000] ACPI: APIC 0x000000000FFF0240 000054 (v02 VBOX   VBOXAPIC 00000001 ASL  00000061)
[    0.000000] ACPI: SSDT 0x000000000FFF02A0 00036C (v01 VBOX   VBOXCPUT 00000002 INTL 20100528)
[    0.000000] ACPI: Reserving FACP table memory at [mem 0xfff00f0-0xfff01e3]
[    0.000000] ACPI: Reserving DSDT table memory at [mem 0xfff0610-0xfff2962]
[    0.000000] ACPI: Reserving FACS table memory at [mem 0xfff0200-0xfff023f]
[    0.000000] ACPI: Reserving FACS table memory at [mem 0xfff0200-0xfff023f]
[    0.000000] ACPI: Reserving APIC table memory at [mem 0xfff0240-0xfff0293]
[    0.000000] ACPI: Reserving SSDT table memory at [mem 0xfff02a0-0xfff060b]
[    0.000000] No NUMA configuration found
[    0.000000] Faking a node at [mem 0x0000000000000000-0x000000000ffeffff]
[    0.000000] NODE_DATA(0) allocated [mem 0x0ffc5000-0x0ffeffff]
[    0.000000] kvm-clock: cpu 0, msr 0:ff44001, primary cpu clock
[    0.000000] kvm-clock: Using msrs 4b564d01 and 4b564d00
[    0.000000] kvm-clock: using sched offset of 5140372934 cycles
[    0.000000] clocksource: kvm-clock: mask: 0xffffffffffffffff max_cycles: 0x1cd42e4dffb, max_idle_ns: 881590591483 ns
[    0.000000] Zone ranges:
[    0.000000]   DMA      [mem 0x0000000000001000-0x0000000000ffffff]
[    0.000000]   DMA32    [mem 0x0000000001000000-0x000000000ffeffff]
[    0.000000]   Normal   empty
[    0.000000]   Device   empty
[    0.000000] Movable zone start for each node
[    0.000000] Early memory node ranges
[    0.000000]   node   0: [mem 0x0000000000001000-0x000000000009efff]
[    0.000000]   node   0: [mem 0x0000000000100000-0x000000000ffeffff]
[    0.000000] Reserved but unavailable: 104 pages
[    0.000000] Initmem setup node 0 [mem 0x0000000000001000-0x000000000ffeffff]
[    0.000000] ACPI: PM-Timer IO Port: 0x4008
[    0.000000] IOAPIC[0]: apic_id 1, version 32, address 0xfec00000, GSI 0-23
[    0.000000] ACPI: INT_SRC_OVR (bus 0 bus_irq 0 global_irq 2 dfl dfl)
[    0.000000] ACPI: INT_SRC_OVR (bus 0 bus_irq 9 global_irq 9 low level)
[    0.000000] Using ACPI (MADT) for SMP configuration information
[    0.000000] smpboot: Allowing 1 CPUs, 0 hotplug CPUs
[    0.000000] PM: Registered nosave memory: [mem 0x00000000-0x00000fff]
[    0.000000] PM: Registered nosave memory: [mem 0x0009f000-0x0009ffff]
[    0.000000] PM: Registered nosave memory: [mem 0x000a0000-0x000effff]
[    0.000000] PM: Registered nosave memory: [mem 0x000f0000-0x000fffff]
[    0.000000] e820: [mem 0x10000000-0xfebfffff] available for PCI devices
[    0.000000] Booting paravirtualized kernel on KVM
[    0.000000] clocksource: refined-jiffies: mask: 0xffffffff max_cycles: 0xffffffff, max_idle_ns: 7645519600211568 ns
[    0.000000] setup_percpu: NR_CPUS:8192 nr_cpumask_bits:1 nr_cpu_ids:1 nr_node_ids:1
[    0.000000] percpu: Embedded 50 pages/cpu s167936 r8192 d28672 u2097152
[    0.000000] PV qspinlock hash table entries: 256 (order: 0, 4096 bytes)
[    0.000000] Built 1 zonelists, mobility grouping on.  Total pages: 64377
[    0.000000] Policy zone: DMA32
[    0.000000] Kernel command line: BOOT_IMAGE=/boot/vmlinuz-4.15.0-212-generic root=LABEL=cloudimg-rootfs ro console=tty1 console=ttyS0
[    0.000000] Memory: 208700K/261688K available (12300K kernel code, 2477K rwdata, 4324K rodata, 2480K init, 2720K bss, 52988K reserved, 0K cma-reserved)
[    0.000000] SLUB: HWalign=64, Order=0-3, MinObjects=0, CPUs=1, Nodes=1
[    0.000000] Kernel/User page tables isolation: enabled
[    0.000000] ftrace: allocating 39508 entries in 155 pages
[    0.004000] Hierarchical RCU implementation.
[    0.004000] 	RCU restricting CPUs from NR_CPUS=8192 to nr_cpu_ids=1.
[    0.004000] 	Tasks RCU enabled.
[    0.004000] RCU: Adjusting geometry for rcu_fanout_leaf=16, nr_cpu_ids=1
[    0.004000] NR_IRQS: 524544, nr_irqs: 256, preallocated irqs: 16
[    0.004000] random: crng init done
[    0.004000] Console: colour VGA+ 80x25
[    0.004000] console [tty1] enabled
[    0.004000] console [ttyS0] enabled
[    0.004000] ACPI: Core revision 20170831
[    0.004000] ACPI: 2 ACPI AML tables successfully acquired and loaded
[    0.004000] APIC: Switch to symmetric I/O mode setup
[    0.008000] ..TIMER: vector=0x30 apic1=0 pin1=2 apic2=-1 pin2=-1
[    0.008017] tsc: Detected 2498.548 MHz processor
[    0.012018] Calibrating delay loop (skipped) preset value.. 4997.09 BogoMIPS (lpj=9994192)
[    0.016016] pid_max: default: 32768 minimum: 301
[    0.020052] Security Framework initialized
[    0.024011] Yama: becoming mindful.
[    0.028069] AppArmor: AppArmor initialized
[    0.032204] Dentry cache hash table entries: 32768 (order: 6, 262144 bytes)
[    0.036067] Inode-cache hash table entries: 16384 (order: 5, 131072 bytes)
[    0.040050] Mount-cache hash table entries: 512 (order: 0, 4096 bytes)
[    0.044024] Mountpoint-cache hash table entries: 512 (order: 0, 4096 bytes)
[    0.052567] Last level iTLB entries: 4KB 1024, 2MB 1024, 4MB 1024
[    0.056014] Last level dTLB entries: 4KB 1024, 2MB 1024, 4MB 1024, 1GB 4
[    0.060034] Spectre V1 : Mitigation: usercopy/swapgs barriers and __user pointer sanitization
[    0.064013] Spectre V2 : Mitigation: Retpolines
[    0.068013] Spectre V2 : Spectre v2 / SpectreRSB mitigation: Filling RSB on context switch
[    0.072010] Spectre V2 : Spectre v2 / SpectreRSB : Filling RSB on VMEXIT
[    0.076013] Speculative Store Bypass: Vulnerable
[    0.080088] MDS: Mitigation: Clear CPU buffers
[    0.084010] MMIO Stale Data: Unknown: No mitigations
[    0.088017] SRBDS: Unknown: Dependent on hypervisor status
[    0.102705] Freeing SMP alternatives memory: 36K
[    0.216796] smpboot: CPU0: Intel(R) Core(TM) i7-4710HQ CPU @ 2.50GHz (family: 0x6, model: 0x3c, stepping: 0x3)
[    0.220210] Performance Events: unsupported p6 CPU model 60 no PMU driver, software events only.
[    0.224111] Hierarchical SRCU implementation.
[    0.229394] NMI watchdog: Perf event create on CPU 0 failed with -2
[    0.232153] NMI watchdog: Perf NMI watchdog permanently disabled
[    0.240093] smp: Bringing up secondary CPUs ...
[    0.244014] smp: Brought up 1 node, 1 CPU
[    0.248019] smpboot: Max logical packages: 1
[    0.252021] smpboot: Total of 1 processors activated (4997.09 BogoMIPS)
[    0.260228] devtmpfs: initialized
[    0.264087] x86/mm: Memory block size: 128MB
[    0.268220] evm: security.selinux
[    0.272020] evm: security.SMACK64
[    0.276015] evm: security.SMACK64EXEC
[    0.280014] evm: security.SMACK64TRANSMUTE
[    0.284012] evm: security.SMACK64MMAP
[    0.288012] evm: security.apparmor
[    0.292012] evm: security.ima
[    0.296012] evm: security.capability
[    0.300251] clocksource: jiffies: mask: 0xffffffff max_cycles: 0xffffffff, max_idle_ns: 7645041785100000 ns
[    0.304037] futex hash table entries: 256 (order: 2, 16384 bytes)
[    0.308099] pinctrl core: initialized pinctrl subsystem
[    0.312789] RTC time: 21:05:23, date: 08/06/24
[    0.316481] NET: Registered protocol family 16
[    0.320169] audit: initializing netlink subsys (disabled)
[    0.324198] cpuidle: using governor ladder
[    0.328028] audit: type=2000 audit(1722978329.589:1): state=initialized audit_enabled=0 res=1
[    0.332039] cpuidle: using governor menu
[    0.336136] ACPI: bus type PCI registered
[    0.340011] acpiphp: ACPI Hot Plug PCI Controller Driver version: 0.5
[    0.348066] PCI: Using configuration type 1 for base access
[    0.354360] HugeTLB registered 2.00 MiB page size, pre-allocated 0 pages
[    0.356931] ACPI: Added _OSI(Module Device)
[    0.360021] ACPI: Added _OSI(Processor Device)
[    0.364017] ACPI: Added _OSI(3.0 _SCP Extensions)
[    0.368015] ACPI: Added _OSI(Processor Aggregator Device)
[    0.372035] ACPI: Added _OSI(Linux-Dell-Video)
[    0.376047] ACPI: Added _OSI(Linux-Lenovo-NV-HDMI-Audio)
[    0.380018] ACPI: Added _OSI(Linux-HPI-Hybrid-Graphics)
[    0.389332] ACPI: Executed 1 blocks of module-level executable AML code
[    0.401925] ACPI: Interpreter enabled
[    0.404053] ACPI: (supports S0 S5)
[    0.408014] ACPI: Using IOAPIC for interrupt routing
[    0.416062] PCI: Using host bridge windows from ACPI; if necessary, use "pci=nocrs" and report a bug
[    0.420637] ACPI: Enabled 2 GPEs in block 00 to 07
[    0.445244] ACPI: PCI Root Bridge [PCI0] (domain 0000 [bus 00-ff])
[    0.448024] acpi PNP0A03:00: _OSC: OS supports [ASPM ClockPM Segments MSI]
[    0.456461] acpi PNP0A03:00: _OSC: not requesting OS control; OS requires [ExtendedConfig ASPM ClockPM MSI]
[    0.460052] acpi PNP0A03:00: fail to add MMCONFIG information, can't access extended PCI configuration space under this bridge.
[    0.465340] PCI host bridge to bus 0000:00
[    0.468020] pci_bus 0000:00: root bus resource [io  0x0000-0x0cf7 window]
[    0.472017] pci_bus 0000:00: root bus resource [io  0x0d00-0xffff window]
[    0.476019] pci_bus 0000:00: root bus resource [mem 0x000a0000-0x000bffff window]
[    0.480017] pci_bus 0000:00: root bus resource [mem 0x10000000-0xfdffffff window]
[    0.484014] pci_bus 0000:00: root bus resource [bus 00-ff]
[    0.504189] pci 0000:00:01.1: legacy IDE quirk: reg 0x10: [io  0x01f0-0x01f7]
[    0.508018] pci 0000:00:01.1: legacy IDE quirk: reg 0x14: [io  0x03f6]
[    0.512021] pci 0000:00:01.1: legacy IDE quirk: reg 0x18: [io  0x0170-0x0177]
[    0.516017] pci 0000:00:01.1: legacy IDE quirk: reg 0x1c: [io  0x0376]
[    0.576820] pci 0000:00:07.0: quirk: [io  0x4000-0x403f] claimed by PIIX4 ACPI
[    0.580067] pci 0000:00:07.0: quirk: [io  0x4100-0x410f] claimed by PIIX4 SMB
[    0.600416] ACPI: PCI Interrupt Link [LNKA] (IRQs 5 9 10 *11)
[    0.605171] ACPI: PCI Interrupt Link [LNKB] (IRQs 5 9 *10 11)
[    0.608526] ACPI: PCI Interrupt Link [LNKC] (IRQs 5 *9 10 11)
[    0.616362] ACPI: PCI Interrupt Link [LNKD] (IRQs 5 9 10 *11)
[    0.625480] SCSI subsystem initialized
[    0.628329] pci 0000:00:02.0: vgaarb: setting as boot VGA device
[    0.632000] pci 0000:00:02.0: vgaarb: VGA device added: decodes=io+mem,owns=io+mem,locks=none
[    0.632026] pci 0000:00:02.0: vgaarb: bridge control possible
[    0.636028] vgaarb: loaded
[    0.640079] ACPI: bus type USB registered
[    0.644127] usbcore: registered new interface driver usbfs
[    0.648087] usbcore: registered new interface driver hub
[    0.652074] usbcore: registered new device driver usb
[    0.656196] EDAC MC: Ver: 3.0.0
[    0.665163] PCI: Using ACPI for IRQ routing
[    0.669866] NetLabel: Initializing
[    0.672027] NetLabel:  domain hash size = 128
[    0.676011] NetLabel:  protocols = UNLABELED CIPSOv4 CALIPSO
[    0.684069] NetLabel:  unlabeled traffic allowed by default
[    0.688462] clocksource: Switched to clocksource kvm-clock
[    0.772850] VFS: Disk quotas dquot_6.6.0
[    0.781834] VFS: Dquot-cache hash table entries: 512 (order 0, 4096 bytes)
[    0.798846] AppArmor: AppArmor Filesystem Enabled
[    0.807669] pnp: PnP ACPI init
[    0.818131] pnp: PnP ACPI: found 3 devices
[    0.841005] clocksource: acpi_pm: mask: 0xffffff max_cycles: 0xffffff, max_idle_ns: 2085701024 ns
[    0.856970] NET: Registered protocol family 2
[    0.866106] IP idents hash table entries: 4096 (order: 3, 32768 bytes)
[    0.880946] TCP established hash table entries: 2048 (order: 2, 16384 bytes)
[    0.894946] TCP bind hash table entries: 2048 (order: 3, 32768 bytes)
[    0.907490] TCP: Hash tables configured (established 2048 bind 2048)
[    0.921482] UDP hash table entries: 256 (order: 1, 8192 bytes)
[    0.933225] UDP-Lite hash table entries: 256 (order: 1, 8192 bytes)
[    0.945059] NET: Registered protocol family 1
[    0.953569] pci 0000:00:00.0: Limiting direct PCI/PCI transfers
[    0.964524] pci 0000:00:01.0: Activating ISA DMA hang workarounds
[    0.976987] pci 0000:00:02.0: Video device with shadowed ROM at [mem 0x000c0000-0x000dffff]
[    0.994871] Unpacking initramfs...
[    2.087509] Freeing initrd memory: 19528K
[    2.095662] clocksource: tsc: mask: 0xffffffffffffffff max_cycles: 0x2403de465cb, max_idle_ns: 440795263259 ns
[    2.114011] platform rtc_cmos: registered platform RTC device (no PNP device found)
[    2.131731] Scanning for low memory corruption every 60 seconds
[    2.143914] Initialise system trusted keyrings
[    2.154337] Key type blacklist registered
[    2.163320] workingset: timestamp_bits=36 max_order=16 bucket_order=0
[    2.182310] zbud: loaded
[    2.189051] squashfs: version 4.0 (2009/01/31) Phillip Lougher
[    2.203005] fuse init (API version 7.26)
[    2.218348] Key type asymmetric registered
[    2.228637] Asymmetric key parser 'x509' registered
[    2.238831] Block layer SCSI generic (bsg) driver version 0.4 loaded (major 246)
[    2.254430] io scheduler noop registered
[    2.263952] io scheduler deadline registered
[    2.272502] io scheduler cfq registered (default)
[    2.285249] ACPI: AC Adapter [AC] (on-line)
[    2.293987] input: Power Button as /devices/LNXSYSTM:00/LNXPWRBN:00/input/input0
[    2.311940] ACPI: Power Button [PWRF]
[    2.319010] input: Sleep Button as /devices/LNXSYSTM:00/LNXSLPBN:00/input/input1
[    2.332851] ACPI: Sleep Button [SLPF]
[    2.344223] ACPI: Battery Slot [BAT0] (battery present)
[    2.355048] Serial: 8250/16550 driver, 32 ports, IRQ sharing enabled
[    2.416516] 00:02: ttyS0 at I/O 0x3f8 (irq = 4, base_baud = 115200) is a 16550A
[    2.434685] Linux agpgart interface v0.103
[    2.454771] loop: module loaded
[    2.465445] scsi host0: ata_piix
[    2.472746] scsi host1: ata_piix
[    2.479018] ata1: PATA max UDMA/33 cmd 0x1f0 ctl 0x3f6 bmdma 0xd000 irq 14
[    2.493002] ata2: PATA max UDMA/33 cmd 0x170 ctl 0x376 bmdma 0xd008 irq 15
[    2.513709] tun: Universal TUN/TAP device driver, 1.6
[    2.522897] PPP generic driver version 2.4.2
[    2.531687] ehci_hcd: USB 2.0 'Enhanced' Host Controller (EHCI) Driver
[    2.541970] ehci-pci: EHCI PCI platform driver
[    2.550988] ehci-platform: EHCI generic platform driver
[    2.561212] ohci_hcd: USB 1.1 'Open' Host Controller (OHCI) Driver
[    2.575651] ohci-pci: OHCI PCI platform driver
[    2.583664] ohci-platform: OHCI generic platform driver
[    2.597017] uhci_hcd: USB Universal Host Controller Interface driver
[    2.610151] i8042: PNP: PS/2 Controller [PNP0303:PS2K,PNP0f03:PS2M] at 0x60,0x64 irq 1,12
[    2.633110] serio: i8042 KBD port at 0x60,0x64 irq 1
[    2.642764] serio: i8042 AUX port at 0x60,0x64 irq 12
[    2.652329] mousedev: PS/2 mouse device common for all mice
[    2.664665] input: AT Translated Set 2 keyboard as /devices/platform/i8042/serio0/input/input2
[    2.786795] rtc_cmos rtc_cmos: rtc core: registered rtc_cmos as rtc0
[    2.798968] rtc_cmos rtc_cmos: alarms up to one day, 114 bytes nvram
[    2.811135] i2c /dev entries driver
[    2.817442] device-mapper: uevent: version 1.0.3
[    2.829788] device-mapper: ioctl: 4.37.0-ioctl (2017-09-20) initialised: dm-devel@redhat.com
[    2.846335] ledtrig-cpu: registered to indicate activity on CPUs
[    2.860219] NET: Registered protocol family 10
[    2.881651] Segment Routing with IPv6
[    2.889424] NET: Registered protocol family 17
[    2.899997] Key type dns_resolver registered
[    2.907956] mce: Using 0 MCE banks
[    2.915684] RAS: Correctable Errors collector initialized.
[    2.925495] sched_clock: Marking stable (2925344503, 0)->(4773980550, -1848636047)
[    2.938690] registered taskstats version 1
[    2.946842] Loading compiled-in X.509 certificates
[    2.962761] Loaded X.509 cert 'Build time autogenerated kernel key: b5b26778eaa3ab3a4a6cee031137706e947d12ad'
[    2.980313] Loaded X.509 cert 'Canonical Ltd. Live Patch Signing: 14df34d1a87cf37625abec039ef2bf521249b969'
[    2.997317] Loaded X.509 cert 'Canonical Ltd. Kernel Module Signing: 88f752e560a1e0737e31163a466ad7b70a850c19'
[    3.015288] blacklist: Loading compiled-in revocation X.509 certificates
[    3.028936] Loaded X.509 cert 'Canonical Ltd. Secure Boot Signing: 61482aa2830d0ab2ad5af10b7250da9033ddcef0'
[    3.047222] Loaded X.509 cert 'Canonical Ltd. Secure Boot Signing (2017): 242ade75ac4a15e50d50c84b0d45ff3eae707a03'
[    3.065071] Loaded X.509 cert 'Canonical Ltd. Secure Boot Signing (ESM 2018): 365188c1d374d6b07c3c8f240f8ef722433d6a8b'
[    3.083544] Loaded X.509 cert 'Canonical Ltd. Secure Boot Signing (2019): c0746fd6c5da3ae827864651ad66ae47fe24b3e8'
[    3.101634] Loaded X.509 cert 'Canonical Ltd. Secure Boot Signing (2021 v1): a8d54bbb3825cfb94fa13c9f8a594a195c107b8d'
[    3.122562] Loaded X.509 cert 'Canonical Ltd. Secure Boot Signing (2021 v2): 4cf046892d6fd3c9a5b03f98d845f90851dc6a8c'
[    3.141483] Loaded X.509 cert 'Canonical Ltd. Secure Boot Signing (2021 v3): 100437bb6de6e469b581e61cd66bce3ef4ed53af'
[    3.160544] Loaded X.509 cert 'Canonical Ltd. Secure Boot Signing (Ubuntu Core 2019): c1d57b8f6b743f23ee41f4f7ee292f06eecadfb9'
[    3.182855] zswap: loaded using pool lzo/zbud
[    3.207399] Key type big_key registered
[    3.216133] Key type trusted registered
[    3.229909] Key type encrypted registered
[    3.237944] AppArmor: AppArmor sha1 policy hashing enabled
[    3.248393] ima: No TPM chip found, activating TPM-bypass! (rc=-19)
[    3.261132] ima: Allocated hash algorithm: sha1
[    3.269890] evm: HMAC attrs: 0x1
[    3.279128]   Magic number: 4:205:95
[    3.286899] rtc_cmos rtc_cmos: setting system clock to 2024-08-06 21:05:27 UTC (1722978327)
[    3.302939] BIOS EDD facility v0.16 2004-Jun-25, 0 devices found
[    3.314222] EDD information not available.
[    3.327005] Freeing unused kernel image memory: 2480K
[    3.344833] Write protecting the kernel read-only data: 20480k
[    3.356842] Freeing unused kernel image memory: 2008K
[    3.368978] Freeing unused kernel image memory: 1820K
[    3.391828] x86/mm: Checked W+X mappings: passed, no W+X pages found.
[    3.404408] x86/mm: Checking user space page tables
[    3.426649] x86/mm: Checked W+X mappings: passed, no W+X pages found.
Loading, please wait...
starting version 237
[    3.712556] e1000: Intel(R) PRO/1000 Network Driver - version 7.3.21-k8-NAPI
[    3.724117] e1000: Copyright (c) 1999-2006 Intel Corporation.
[    3.739330] Fusion MPT base driver 3.04.20
[    3.746836] Copyright (c) 1999-2008 LSI Corporation
[    3.807509] SSE version of gcm_enc/dec engaged.
[    3.900831] Fusion MPT SPI Host driver 3.04.20
[    4.093928] input: ImExPS/2 Generic Explorer Mouse as /devices/platform/i8042/serio1/input/input4
[    5.114720] e1000 0000:00:03.0 eth0: (PCI:33MHz:32-bit) 02:3b:7b:b7:3b:2d
[    5.127727] e1000 0000:00:03.0 eth0: Intel(R) PRO/1000 Network Connection
[    5.143885] e1000 0000:00:03.0 enp0s3: renamed from eth0
[    5.158195] mptbase: ioc0: Initiating bringup
[    5.285498] ioc0: LSI53C1030 A0: Capabilities={Initiator}
[    5.559131] scsi host2: ioc0: LSI53C1030 A0, FwRev=00000000h, Ports=1, MaxQ=256, IRQ=20
[    5.747788] scsi 2:0:0:0: Direct-Access     VBOX     HARDDISK         1.0  PQ: 0 ANSI: 5
[    5.763831] scsi target2:0:0: Beginning Domain Validation
[    5.784477] scsi target2:0:0: Domain Validation skipping write tests
[    5.794924] scsi target2:0:0: Ending Domain Validation
[    5.804527] scsi target2:0:0: asynchronous
[    5.818298] scsi 2:0:1:0: Direct-Access     VBOX     HARDDISK         1.0  PQ: 0 ANSI: 5
[    5.832229] scsi target2:0:1: Beginning Domain Validation
[    5.854941] scsi target2:0:1: Domain Validation skipping write tests
[    5.867872] scsi target2:0:1: Ending Domain Validation
[    5.877726] scsi target2:0:1: asynchronous
[    5.913807] sd 2:0:0:0: [sda] 83886080 512-byte logical blocks: (42.9 GB/40.0 GiB)
[    5.929136] sd 2:0:0:0: Attached scsi generic sg0 type 0
[    5.940868] sd 2:0:1:0: Attached scsi generic sg1 type 0
[    5.951718] sd 2:0:1:0: [sdb] 20480 512-byte logical blocks: (10.5 MB/10.0 MiB)
[    5.965211] sd 2:0:0:0: [sda] Write Protect is off
[    5.974380] sd 2:0:1:0: [sdb] Write Protect is off
[    5.984333] sd 2:0:0:0: [sda] Incomplete mode parameter data
[    5.993211] sd 2:0:0:0: [sda] Assuming drive cache: write through
[    6.004871] sd 2:0:1:0: [sdb] Incomplete mode parameter data
[    6.013999] sd 2:0:1:0: [sdb] Assuming drive cache: write through
[    6.035076]  sda: sda1
[    6.054125] sd 2:0:1:0: [sdb] Attached SCSI disk
[    6.066412] sd 2:0:0:0: [sda] Attached SCSI disk
Begin: Loading essential drivers ... [    9.420242] raid6: sse2x1   gen()  3463 MB/s
[    9.492138] raid6: sse2x1   xor()  3849 MB/s
[    9.556145] raid6: sse2x2   gen()  4943 MB/s
[    9.628175] raid6: sse2x2   xor()  4158 MB/s
[    9.692323] raid6: sse2x4   gen()  5278 MB/s
[    9.764296] raid6: sse2x4   xor()  2474 MB/s
[    9.772233] raid6: using algorithm sse2x4 gen() 5278 MB/s
[    9.781878] raid6: .... xor() 2474 MB/s, rmw enabled
[    9.792477] raid6: using ssse3x2 recovery algorithm
[    9.803908] xor: measuring software checksum speed
[    9.920231]    prefetch64-sse: 34178.000 MB/sec
[   10.036436]    generic_sse: 30154.000 MB/sec
[   10.044200] xor: using function: prefetch64-sse (34178.000 MB/sec)
[   10.060581] async_tx: api initialized (async)
done.
Begin: Running /scripts/init-premount ... done.
Begin: Mounting root file system ... Begin: Running /scripts/local-top ... done.
Begin: Running /scripts/local-premount ... [   10.228623] Btrfs loaded, crc32c=crc32c-intel
Scanning for Btrfs filesystems
done.
Warning: fsck not present, so skipping root file system
[   10.370322] EXT4-fs (sda1): mounted filesystem with ordered data mode. Opts: (null)
done.
Begin: Running /scripts/local-bottom ... done.
Begin: Running /scripts/init-bottom ... done.
[   10.852539] ip_tables: (C) 2000-2006 Netfilter Core Team
[   10.898525] systemd[1]: systemd 237 running in system mode. (+PAM +AUDIT +SELINUX +IMA +APPARMOR +SMACK +SYSVINIT +UTMP +LIBCRYPTSETUP +GCRYPT +GNUTLS +ACL +XZ +LZ4 +SECCOMP +BLKID +ELFUTILS +KMOD -IDN2 +IDN -PCRE2 default-hierarchy=hybrid)
[   10.932467] systemd[1]: Detected virtualization oracle.
[   10.942389] systemd[1]: Detected architecture x86-64.

Welcome to [1mUbuntu 18.04.6 LTS[0m!

[   10.963794] systemd[1]: Set hostname to <ubuntu>.
[   10.988207] systemd[1]: Initializing machine ID from random generator.
[   11.000738] systemd[1]: Installed transient /etc/machine-id file.
[   11.775533] systemd[1]: Started Forward Password Requests to Wall Directory Watch.
[[0;32m  OK  [0m] Started Forward Password Requests to Wall Directory Watch.
[   11.803826] systemd[1]: Created slice System Slice.
[[0;32m  OK  [0m] Created slice System Slice.
[   11.820996] systemd[1]: Created slice system-serial\x2dgetty.slice.
[[0;32m  OK  [0m] Created slice system-serial\x2dgetty.slice.
[   11.842398] systemd[1]: Listening on LVM2 poll daemon socket.
[[0;32m  OK  [0m] Listening on LVM2 poll daemon socket.
[[0;32m  OK  [0m] Listening on LVM2 metadata daemon socket.
[[0;32m  OK  [0m] Listening on fsck to fsckd communication Socket.
[[0;32m  OK  [0m] Reached target Swap.
[[0;32m  OK  [0m] Listening on /dev/initctl Compatibility Named Pipe.
[[0;32m  OK  [0m] Listening on Device-mapper event daemon FIFOs.
[[0;32m  OK  [0m] Listening on Journal Socket.
         Starting Monitoring of LVM2 mirrors…ng dmeventd or progress polling...
[[0;32m  OK  [0m] Listening on Network Service Netlink Socket.
[[0;32m  OK  [0m] Listening on udev Control Socket.
[[0;32m  OK  [0m] Reached target Mounting snaps.
[[0;32m  OK  [0m] Set up automount Arbitrary Executab…rmats File System Automount Point.
[[0;32m  OK  [0m] Listening on Journal Audit Socket.
[[0;32m  OK  [0m] Listening on udev Kernel Socket.
         Starting udev Coldplug all Devices...
[[0;32m  OK  [0m] Reached target User and Group Name Lookups.
[[0;32m  OK  [0m] Reached target Mounted snaps.
         Starting Set the console keyboard layout...
         Starting File System Check on Root Device...
         Starting Uncomplicated firewall...
[[0;32m  OK  [0m] Listening on Journal Socket (/dev/log).
[[0;32m  OK  [0m] Created slice User and Session Slice.
[[0;32m  OK  [0m] Reached target Slices.
         Starting Create list of required st…ce nodes for the current kernel...
         Starting Load Kernel Modules...
         Mounting POSIX Message Queue File System...
[[0;32m  OK  [0m] Listening on Syslog Socket.
         Starting Journal Service...
[[0;32m  OK  [0m] Reached target System Time Synchronized.
         Mounting Huge Pages File System...
         Mounting Kernel Debug File System...
[[0;32m  OK  [0m] Started File System Check on Root Device.
[[0;32m  OK  [0m] Started Uncomplicated firewall.[   12.432833] Loading iSCSI transport class v2.0-870.

[[0;32m  OK  [0m] Started Create list of required sta…vice nodes for the current kernel.
[[0;32m  OK  [0m] Mounted POSIX Message Queue File System.
[[0;32m  OK  [0m] Mounted Huge Pages File System.
[[0;32m  OK  [0m] Mounted Kernel Debug File System.
[[0;32m  OK  [0m] Started LVM2 metadata daemon.
[[0;32m  OK  [0m] Started File System Check Daemon to report status.
         Starting Create Static Device Nodes in /dev...
         Starting Remount Root and Kernel File Systems...
[   12.639889] iscsi: registered transport (tcp)
[[0;32m  OK  [0m] Started Create Static Device Nodes in /dev.
[[0;32m  OK  [0m] Started Journal Service.
[   12.827342] EXT4-fs (sda1): re-mounted. Opts: (null)
[[0;32m  OK  [0m] Started Monitoring of LVM2 mirrors,…sing dmeventd or progress polling.
[[0;32m  OK  [0m] Started Remount Root and Kernel File Systems.
[[0;32m  OK  [0m] Started udev Coldplug all Devices.[   12.922610] iscsi: registered transport (iser)

         Starting Load/Save Random Seed...
         Starting Flush Journal to Persistent Storage...
         Starting udev Kernel Device Manager...
[[0;32m  OK  [0m] Started Load Kernel Modules.
[[0;32m  OK  [0m] Started Load/Save Random Seed.
         Mounting Kernel Configuration File System...
         Starting Apply Kernel Variables...
         Mounting FUSE Control File System...
[   13.108369] systemd-journald[413]: Received request to flush runtime journal from PID 1
[[0;32m  OK  [0m] Mounted Kernel Configuration File System.
[[0;32m  OK  [0m] Mounted FUSE Control File System.
[[0;32m  OK  [0m] Started udev Kernel Device Manager.
[[0;32m  OK  [0m] Started Apply Kernel Variables.
[[0;32m  OK  [0m] Started Flush Journal to Persistent Storage.
[[0;32m  OK  [0m] Found device /dev/ttyS0.
[[0;32m  OK  [0m] Listening on Load/Save RF Kill Switch Status /dev/rfkill Watch.
[[0;32m  OK  [0m] Started Set the console keyboard layout.
[[0;32m  OK  [0m] Started Dispatch Password Requests to Console Directory Watch.
[[0;32m  OK  [0m] Reached target Local Encrypted Volumes.
[[0;32m  OK  [0m] Reached target Local File Systems (Pre).
[[0;32m  OK  [0m] Reached target Local File Systems.
         Starting Create Volatile Files and Directories...
         Starting ebtables ruleset management...
         Starting Commit a transient machine-id on disk...
         Starting AppArmor initialization...
         Starting Tell Plymouth To Write Out Runtime Data...
         Starting Set console font and keymap...
[[0;32m  OK  [0m] Started Tell Plymouth To Write Out Runtime Data.
[[0;32m  OK  [0m] Started Commit a transient machine-id on disk.
[[0;32m  OK  [0m] Started Create Volatile Files and Directories.
         Starting Update UTMP about System Boot/Shutdown...
[[0;32m  OK  [0m] Started Update UTMP about System Boot/Shutdown.
[[0;32m  OK  [0m] Started ebtables ruleset management.
         Mounting Arbitrary Executable File Formats File System...
[[0;32m  OK  [0m] Mounted Arbitrary Executable File Formats File System.
[[0;32m  OK  [0m] Started AppArmor initialization.
         Starting Initial cloud-init job (pre-networking)...
         Starting Load AppArmor profiles managed internally by snapd...
[[0;32m  OK  [0m] Started Load AppArmor profiles managed internally by snapd.
[[0;32m  OK  [0m] Started Set console font and keymap.
[   26.807935] cloud-init[760]: Cloud-init v. 23.1.2-0ubuntu0~18.04.1 running 'init-local' at Tue, 06 Aug 2024 21:05:50 +0000. Up 25.92 seconds.
[[0;32m  OK  [0m] Started Initial cloud-init job (pre-networking).
[[0;32m  OK  [0m] Reached target Network (Pre).
         Starting Network Service...
[[0;32m  OK  [0m] Started Network Service.
         Starting Network Name Resolution...
         Starting Wait for Network to be Configured...
[[0;32m  OK  [0m] Started Network Name Resolution.
[[0;32m  OK  [0m] Reached target Network.
[[0;32m  OK  [0m] Reached target Host and Network Name Lookups.
[[0;32m  OK  [0m] Started Wait for Network to be Configured.
         Starting Initial cloud-init job (metadata service crawler)...
[   30.533056] cloud-init[903]: Cloud-init v. 23.1.2-0ubuntu0~18.04.1 running 'init' at Tue, 06 Aug 2024 21:05:54 +0000. Up 30.16 seconds.
[   30.568919] cloud-init[903]: ci-info: ++++++++++++++++++++++++++++++++++++++Net device info++++++++++++++++++++++++++++++++++++++
[   30.602473] cloud-init[903]: ci-info: +--------+------+----------------------------+---------------+--------+-------------------+
[   30.632968] cloud-init[903]: ci-info: | Device |  Up  |          Address           |      Mask     | Scope  |     Hw-Address    |
[   30.664446] cloud-init[903]: ci-info: +--------+------+----------------------------+---------------+--------+-------------------+
[   30.686220] cloud-init[903]: ci-info: | enp0s3 | True |         10.0.2.15          | 255.255.255.0 | global | 02:3b:7b:b7:3b:2d |
[   30.710064] cloud-init[903]: ci-info: | enp0s3 | True | fe80::3b:7bff:feb7:3b2d/64 |       .       |  link  | 02:3b:7b:b7:3b:2d |
[   30.736988] cloud-init[903]: ci-info: |   lo   | True |         127.0.0.1          |   255.0.0.0   |  host  |         .         |
[   30.765998] cloud-init[903]: ci-info: |   lo   | True |          ::1/128           |       .       |  host  |         .         |
[   30.789212] cloud-init[903]: ci-info: +--------+------+----------------------------+---------------+--------+-------------------+
[   30.810898] cloud-init[903]: ci-info: ++++++++++++++++++++++++++++Route IPv4 info+++++++++++++++++++++++++++++
[   30.830296] cloud-init[903]: ci-info: +-------+-------------+----------+-----------------+-----------+-------+
[   30.859494] cloud-init[903]: ci-info: | Route | Destination | Gateway  |     Genmask     | Interface | Flags |
[   30.885007] cloud-init[903]: ci-info: +-------+-------------+----------+-----------------+-----------+-------+
[   30.902459] cloud-init[903]: ci-info: |   0   |   0.0.0.0   | 10.0.2.2 |     0.0.0.0     |   enp0s3  |   UG  |
[   30.935504] cloud-init[903]: ci-info: |   1   |   10.0.2.0  | 0.0.0.0  |  255.255.255.0  |   enp0s3  |   U   |
[   30.960060] cloud-init[903]: ci-info: |   2   |   10.0.2.2  | 0.0.0.0  | 255.255.255.255 |   enp0s3  |   UH  |
[   30.985533] cloud-init[903]: ci-info: +-------+-------------+----------+-----------------+-----------+-------+
[   31.008774] cloud-init[903]: ci-info: +++++++++++++++++++Route IPv6 info+++++++++++++++++++
[   31.026352] cloud-init[903]: ci-info: +-------+-------------+---------+-----------+-------+
[   31.043183] cloud-init[903]: ci-info: | Route | Destination | Gateway | Interface | Flags |
[   31.061017] cloud-init[903]: ci-info: +-------+-------------+---------+-----------+-------+
[   31.086687] cloud-init[903]: ci-info: |   1   |  fe80::/64  |    ::   |   enp0s3  |   U   |
[   31.112006] cloud-init[903]: ci-info: |   3   |    local    |    ::   |   enp0s3  |   U   |
[   31.135083] cloud-init[903]: ci-info: |   4   |   ff00::/8  |    ::   |   enp0s3  |   U   |
[   31.161328] cloud-init[903]: ci-info: +-------+-------------+---------+-----------+-------+
[   32.844374] cloud-init[903]: Generating public/private rsa key pair.
[   32.881037] cloud-init[903]: Your identification has been saved in /etc/ssh/ssh_host_rsa_key.
[   32.892130] cloud-init[903]: Your public key has been saved in /etc/ssh/ssh_host_rsa_key.pub.
[   32.916590] cloud-init[903]: The key fingerprint is:
[   32.936498] cloud-init[903]: SHA256:Wecnp/TPStGgOrPzUZQJmR7IA+JFgJ1fdA9nCpCcfEw root@ubuntu-bionic
[   32.972810] cloud-init[903]: The key's randomart image is:
[   32.998726] cloud-init[903]: +---[RSA 2048]----+
[   33.027657] cloud-init[903]: |     oo*=XE.+oo  |
[   33.056629] cloud-init[903]: |    ..oo= Bo+B o |
[   33.068140] cloud-init[903]: |      .. o.oo.*  |
[   33.090635] cloud-init[903]: |        .o o.o o |
[   33.110475] cloud-init[903]: |        S   = = .|
[   33.135081] cloud-init[903]: |           o B . |
[   33.159586] cloud-init[903]: |          + o o  |
[   33.171628] cloud-init[903]: |          .+ o o |
[   33.186421] cloud-init[903]: |          .o. ..o|
[   33.211339] cloud-init[903]: +----[SHA256]-----+
[   33.222482] cloud-init[903]: Generating public/private dsa key pair.
[   33.253617] cloud-init[903]: Your identification has been saved in /etc/ssh/ssh_host_dsa_key.
[   33.276686] cloud-init[903]: Your public key has been saved in /etc/ssh/ssh_host_dsa_key.pub.
[   33.297476] cloud-init[903]: The key fingerprint is:
[   33.311612] cloud-init[[903]: SHA256:cQcjCkqQS5kNRIH/05zY8GI7yna93MjFc0Rt33e0Rz8 root@ubuntu-bionic[0;32m  OK  [0m] Started Initial cloud-init job (metadata service crawler).
[
[0;32m  OK  [0m] Reached target Cloud-config availability.[   33.351739] 
[cloud-init[903]: The key's randomart image is:[0;32m  OK  [0m] Reached target Network is Online.
[[0;32m  OK  [0m
] Reached target Remote File Systems (Pre).[   33.407505] 
[[0;32m  OK  [0mcloud-init[903]: ] Reached target Remote File Systems.+---[DSA 1024]----+
         
[   33.439335] Starting Availability of block devices...
[[0;32m  OK  [0m] cloud-init[903]: Reached target System Initialization.
|=BB .   . o      |         
[   33.487477] Starting LXD - unix socket.
         Starting Socket activation for snappy daemon.
[cloud-init[903]: [0;32m  OK  [0m] Started Message of the Day.|o= o . . . +     |
[[0;32m  OK  [0m] 
[   33.543479] Listening on ACPID Listen Socket.
cloud-init[[0;32m  OK  [0m[903]: ] Started Daily Cleanup of Temporary Directories.|.o.   . . o +   o|

[[0;32m  OK  [0m[   33.583580] ] Started Daily apt download activities.
[[0;32m  OK  [0mcloud-init] Started Daily apt upgrade and clean activities.[903]: |. . .    + o . +o|
[[0;32m  OK  [0m
[   33.619506] ] Listening on cloud-init hotplug hook socket.cloud-init[903]: |   . B .S .   .E*|

[   33.636930] cloud-init[[0;32m  OK  [0m[903]: |    * *. .      =|
] Started ACPI Events Check.
[[   33.657468] cloud-init[0;32m  OK  [0m] Listening on UUID daemon activation socket.[903]: |   . =  + .      |
[[0;32m  OK  [0m
[   33.679085] ] Reached target Paths.cloud-init[903]: | .. +o.+ o       |
[
[   33.695537] [0;32m  OK  [0m] Started Ubuntu Advantage Timer for running repeated jobs.cloud-init
[[0;32m  OK  [0m] [903]: | .oo .=..        |
[   33.722264] cloud-initStarted Discard unused blocks once a week.
[903]: +----[SHA256]-----+
[[0;32m  OK  [0m] Reached target Timers.[   33.748991] cloud-init
[903]: Generating public/private ecdsa key pair.[[0;32m  OK  [0m
[   33.766171] cloud-init] Listening on Open-iSCSI iscsid Socket.
[903]: [[0;32m  OK  [0mYour identification has been saved in /etc/ssh/ssh_host_ecdsa_key.] Listening on D-Bus System Message Bus Socket.
[   33.793219] cloud-init
[[903]: [0;32m  OK  [0m] Started Availability of block devices.Your public key has been saved in /etc/ssh/ssh_host_ecdsa_key.pub.
[   33.815955] 
[[0;32m  OK  [0m] Listening on LXD - unix socket.cloud-init
[[903]: [0;32m  OK  [0m] The key fingerprint is:
Listening on Socket activation for snappy daemon.[   33.858564] 
[[0;32m  OK  [0m] Reached target Sockets.cloud-init[903]: SHA256:aweUb1wZvhiIpMHQ+9NGFse6Ozi3UFi2tuFmPnQtdz0 root@ubuntu-bionic
[[0;32m  OK  [0m] Reached target Basic System.

[   33.904539]          cloud-init[903]: Starting Permit User Sessions...
         Starting System Logging Service...
The key's randomart image is:         Starting Login Service...

[   33.985314] [[0;32m  OK  [0m] Started Regular background program processing daemon.cloud-init
         Starting LXD - container startup/shutdown...
[[0;32m  OK  [0m] Started FUSE filesystem for LXC.[903]: 
[[0;32m  OK  [0m+---[ECDSA 256]---+] Started D-Bus System Message Bus.

[   34.113182] cloud-init[903]: |  .+. .  .  .    |
[   34.159605] cloud-init[903]: |    o+ ..oo. o   |
[   34.191779] cloud-init[903]: |    ... *+. +    |
[   34.225295] cloud-init[903]: |    .  =++ + .   |
[   34.254924] cloud-init[903]: |     ..+S.=..  . |
[   34.289418] cloud-init[903]: |      o+=*o o .E.|
[   34.328874] cloud-init[903]: |      .=Bo.o .  .|
[   34.368883] cloud-init[903]: |      o*=.       |
[   34.396707] cloud-init[903]: |       oo+       |
[   34.426440] cloud-init[903]: +----[SHA256]-----+
[   34.464779] cloud-init[903]: Generating public/private ed25519 key pair.
[   34.527481] [[0;32m  OK  [0mcloud-init[903]: ] Started Login Service.
         Starting Pollinate to seed the pseudo random number generator...Your identification has been saved in /etc/ssh/ssh_host_ed25519_key.
         Starting Virtualbox guest utils...
         Starting Accounts Service...

         Starting LSB: automatic crash report generation...
[[0;32m  OK  [0m] Reached target Login Prompts (Pre).
[[0;32m  OK  [0m] Started irqbalance daemon.
         Starting Dispatcher daemon for systemd-networkd...
         Starting Snap Daemon...
         Starting LSB: Record successful boot for GRUB...
[[0;32m  OK  [0m] Started Unattended Upgrades Shutdown.
[[0;32m  OK  [0m] Started Deferred execution scheduler.
[   34.826750] [[0;32m  OK  [0m] Started System Logging Service.
cloud-init[[0;32m  OK  [0m] Started Permit User Sessions.
[903]:          Starting Terminate Plymouth Boot Screen...
         Starting Hold until boot process finishes up...
[Your public key has been saved in /etc/ssh/ssh_host_ed25519_key.pub.[0;32m  OK  [0m] Started Hold until boot process finishes up.
         Starting Set console scheme...
[[0;32m  OK  [0m] Started Serial Getty on ttyS0.
[[0;32m  OK  [0m] Started Terminate Plymouth Boot Screen.

[   35.204806] [[0;32m  OK  [0m] Started Set console scheme.
[[0;32m  OK  [0m] Created slice system-getty.slice.
[[0;32m  OK  [0m] Started Getty on tty1.
[[0;32m  OK  [0mcloud-init] Reached target Login Prompts.
[903]: The key fingerprint is:
[   35.408984] cloud-init[903]: SHA256:sFUYfFqveIhHKtKRu3yQfoyXPIIUQmJL6JsgzZzVYl8 root@ubuntu-bionic         Starting Authorization Manager...

[   35.575508] cloud-init[[0;32m  OK  [0m] [903]: Started LXD - container startup/shutdown.
The key's randomart image is:
[   35.698190] cloud-init[[0;32m  OK  [0m] Started LSB: automatic crash report generation.
[903]: +--[ED25519 256]--+
[   35.810129] cloud-init[903]: [[0;32m  OK  [0m|.    . ..o.      |] Started Authorization Manager.
[[0;32m  OK  [0m] Started Accounts Service.

[   35.891262] cloud-init[903]: |o+  + . E.o      |
[   35.956334] cloud-init[903]: |*+.+ +...+ .     |
[   36.018674] cloud-init[903]: |+o* o .+o   .    |
[   36.108355] [[0;32m  OK  [0m] Started LSB: Record successful boot for GRUB.
cloud-init[903]: |o.oo +.+So .     |
[   36.184912] cloud-init[903]: | oo * o + o      |
[   36.220015] cloud-init[903]: | . = B o .       |
[   36.257441] cloud-init[903]: |  . * O          |
[   36.319793] cloud-init[903]: |     = .         |
[   36.359594] cloud-init[903]: +----[SHA256]-----+
[[0;32m  OK  [0m] Started Virtualbox guest utils.
[[0;32m  OK  [0m] Started Dispatcher daemon for systemd-networkd.
[[0;32m  OK  [0m] Started Snap Daemon.
         Starting Wait until snapd is fully seeded...
[[0;32m  OK  [0m] Started Pollinate to seed the pseudo random number generator.
         Starting OpenBSD Secure Shell server...
[[0;32m  OK  [0m] Started OpenBSD Secure Shell server.
[[0;32m  OK  [0m] Created slice User Slice of vagrant.
         Starting User Manager for UID 1000...
[[0;32m  OK  [0m] Started Session 1 of user vagrant.
[[0;32m  OK  [0m] Started User Manager for UID 1000.

Ubuntu 18.04.6 LTS ubuntu-bionic ttyS0

ubuntu-bionic login: [   56.080656] cloud-init[1455]: Cloud-init v. 23.1.2-0ubuntu0~18.04.1 running 'modules:config' at Tue, 06 Aug 2024 21:06:18 +0000. Up 54.00 seconds.
ci-info: no authorized SSH keys fingerprints found for user ubuntu.
<14>Aug  6 21:06:23 cloud-init: #############################################################
<14>Aug  6 21:06:23 cloud-init: -----BEGIN SSH HOST KEY FINGERPRINTS-----
<14>Aug  6 21:06:23 cloud-init: 1024 SHA256:cQcjCkqQS5kNRIH/05zY8GI7yna93MjFc0Rt33e0Rz8 root@ubuntu-bionic (DSA)
<14>Aug  6 21:06:23 cloud-init: 256 SHA256:aweUb1wZvhiIpMHQ+9NGFse6Ozi3UFi2tuFmPnQtdz0 root@ubuntu-bionic (ECDSA)
<14>Aug  6 21:06:23 cloud-init: 256 SHA256:sFUYfFqveIhHKtKRu3yQfoyXPIIUQmJL6JsgzZzVYl8 root@ubuntu-bionic (ED25519)
<14>Aug  6 21:06:23 cloud-init: 2048 SHA256:Wecnp/TPStGgOrPzUZQJmR7IA+JFgJ1fdA9nCpCcfEw root@ubuntu-bionic (RSA)
<14>Aug  6 21:06:23 cloud-init: -----END SSH HOST KEY FINGERPRINTS-----
<14>Aug  6 21:06:23 cloud-init: #############################################################
-----BEGIN SSH HOST KEY KEYS-----
ecdsa-sha2-nistp256 AAAAE2VjZHNhLXNoYTItbmlzdHAyNTYAAAAIbmlzdHAyNTYAAABBBCGLFrP2LMi9vXgNLqnQq900UI/hQ0pLG+aM5DTwWnNPB6mu8yf4XWu1GnTSMYOYFRQp20FdEjMo/Ut3++022Fs= root@ubuntu-bionic
ssh-ed25519 AAAAC3NzaC1lZDI1NTE5AAAAIBtvgHG28AmUNWbBoO/xHKM8YemRjBNkH8y57r87Hz1e root@ubuntu-bionic
ssh-rsa AAAAB3NzaC1yc2EAAAADAQABAAABAQDDliQ5Q2kID6agABM0uysMHiQ5d7iQWkh7byzcxJR83MBP88bl0dXyc8OQAaXyQ1mBjVXTCPvk4/hFtXFVtmhje3ppc1KPjaIQrDWyiPpI+OQS5p3vQuhNMlvY5XGl8m2a+p6QELHW2R1ZLyzMoYCLR7iuHucU9s2gZT8im3CtVmekg2Q8H5lOyxAKY9+7BCMEbpAn9u+TU7X1TghEHPodFQf5RKgv1QlQ9nc38nFtmphHvjDvjH2lCuQuQ88iDQd5ZM/tJ593mWQ/27G1IHALCpWhpYF4npnsXjpYnoKCm8ltuEBK0dZjI/V/xYhZy9k6+Z7VotqWec7d66p6uA0h root@ubuntu-bionic
-----END SSH HOST KEY KEYS-----
[   59.152571] cloud-init[1690]: Cloud-init v. 23.1.2-0ubuntu0~18.04.1 running 'modules:final' at Tue, 06 Aug 2024 21:06:22 +0000. Up 58.49 seconds.
[   59.196854] cloud-init[1690]: Cloud-init v. 23.1.2-0ubuntu0~18.04.1 finished at Tue, 06 Aug 2024 21:06:23 +0000. Datasource DataSourceNoCloud [seed=/dev/sdb][dsmode=net].  Up 59.13 seconds
